2023/08/06 15:52:46 [warn] 1#1: the "listen ... http2" directive is deprecated, use the "http2" directive instead in /etc/nginx/conf.d/app.conf:10
2023/08/06 15:52:46 [warn] 1#1: the "listen ... http2" directive is deprecated, use the "http2" directive instead in /etc/nginx/conf.d/app.conf:11
2023/08/06 15:52:46 [emerg] 1#1: cannot load certificate "/etc/letsencrypt/live/example.com/fullchain.pem": BIO_new_file() failed (SSL: error:80000002:system library::No such file or directory:calling fopen(/etc/letsencrypt/live/example.com/fullchain.pem, r) error:10000080:BIO routines::no such file)
2023/08/06 15:52:46 [warn] 1#1: the "listen ... http2" directive is deprecated, use the "http2" directive instead in /etc/nginx/conf.d/app.conf:10
2023/08/06 15:52:46 [warn] 1#1: the "listen ... http2" directive is deprecated, use the "http2" directive instead in /etc/nginx/conf.d/app.conf:11
2023/08/06 15:52:46 [emerg] 1#1: cannot load certificate "/etc/letsencrypt/live/example.com/fullchain.pem": BIO_new_file() failed (SSL: error:80000002:system library::No such file or directory:calling fopen(/etc/letsencrypt/live/example.com/fullchain.pem, r) error:10000080:BIO routines::no such file)
2023/08/06 15:52:47 [warn] 1#1: the "listen ... http2" directive is deprecated, use the "http2" directive instead in /etc/nginx/conf.d/app.conf:10
2023/08/06 15:52:47 [warn] 1#1: the "listen ... http2" directive is deprecated, use the "http2" directive instead in /etc/nginx/conf.d/app.conf:11
2023/08/06 15:52:47 [emerg] 1#1: cannot load certificate "/etc/letsencrypt/live/example.com/fullchain.pem": BIO_new_file() failed (SSL: error:80000002:system library::No such file or directory:calling fopen(/etc/letsencrypt/live/example.com/fullchain.pem, r) error:10000080:BIO routines::no such file)
2023/08/06 15:52:48 [warn] 1#1: the "listen ... http2" directive is deprecated, use the "http2" directive instead in /etc/nginx/conf.d/app.conf:10
2023/08/06 15:52:48 [warn] 1#1: the "listen ... http2" directive is deprecated, use the "http2" directive instead in /etc/nginx/conf.d/app.conf:11
2023/08/06 15:52:48 [emerg] 1#1: cannot load certificate "/etc/letsencrypt/live/example.com/fullchain.pem": BIO_new_file() failed (SSL: error:80000002:system library::No such file or directory:calling fopen(/etc/letsencrypt/live/example.com/fullchain.pem, r) error:10000080:BIO routines::no such file)
2023/08/06 15:52:49 [warn] 1#1: the "listen ... http2" directive is deprecated, use the "http2" directive instead in /etc/nginx/conf.d/app.conf:10
2023/08/06 15:52:49 [warn] 1#1: the "listen ... http2" directive is deprecated, use the "http2" directive instead in /etc/nginx/conf.d/app.conf:11
2023/08/06 15:52:49 [emerg] 1#1: cannot load certificate "/etc/letsencrypt/live/example.com/fullchain.pem": BIO_new_file() failed (SSL: error:80000002:system library::No such file or directory:calling fopen(/etc/letsencrypt/live/example.com/fullchain.pem, r) error:10000080:BIO routines::no such file)
2023/08/06 15:52:50 [warn] 1#1: the "listen ... http2" directive is deprecated, use the "http2" directive instead in /etc/nginx/conf.d/app.conf:10
2023/08/06 15:52:50 [warn] 1#1: the "listen ... http2" directive is deprecated, use the "http2" directive instead in /etc/nginx/conf.d/app.conf:11
2023/08/06 15:52:50 [emerg] 1#1: cannot load certificate "/etc/letsencrypt/live/example.com/fullchain.pem": BIO_new_file() failed (SSL: error:80000002:system library::No such file or directory:calling fopen(/etc/letsencrypt/live/example.com/fullchain.pem, r) error:10000080:BIO routines::no such file)
2023/08/06 15:52:54 [warn] 1#1: the "listen ... http2" directive is deprecated, use the "http2" directive instead in /etc/nginx/conf.d/app.conf:10
2023/08/06 15:52:54 [warn] 1#1: the "listen ... http2" directive is deprecated, use the "http2" directive instead in /etc/nginx/conf.d/app.conf:11
2023/08/06 15:52:54 [emerg] 1#1: cannot load certificate "/etc/letsencrypt/live/example.com/fullchain.pem": BIO_new_file() failed (SSL: error:80000002:system library::No such file or directory:calling fopen(/etc/letsencrypt/live/example.com/fullchain.pem, r) error:10000080:BIO routines::no such file)
2023/08/06 15:53:01 [warn] 1#1: the "listen ... http2" directive is deprecated, use the "http2" directive instead in /etc/nginx/conf.d/app.conf:10
2023/08/06 15:53:01 [warn] 1#1: the "listen ... http2" directive is deprecated, use the "http2" directive instead in /etc/nginx/conf.d/app.conf:11
2023/08/06 15:53:01 [emerg] 1#1: cannot load certificate "/etc/letsencrypt/live/example.com/fullchain.pem": BIO_new_file() failed (SSL: error:80000002:system library::No such file or directory:calling fopen(/etc/letsencrypt/live/example.com/fullchain.pem, r) error:10000080:BIO routines::no such file)
2023/08/06 15:53:14 [warn] 1#1: the "listen ... http2" directive is deprecated, use the "http2" directive instead in /etc/nginx/conf.d/app.conf:10
2023/08/06 15:53:14 [warn] 1#1: the "listen ... http2" directive is deprecated, use the "http2" directive instead in /etc/nginx/conf.d/app.conf:11
2023/08/06 15:53:14 [emerg] 1#1: cannot load certificate "/etc/letsencrypt/live/example.com/fullchain.pem": BIO_new_file() failed (SSL: error:80000002:system library::No such file or directory:calling fopen(/etc/letsencrypt/live/example.com/fullchain.pem, r) error:10000080:BIO routines::no such file)
2023/08/06 15:53:40 [warn] 1#1: the "listen ... http2" directive is deprecated, use the "http2" directive instead in /etc/nginx/conf.d/app.conf:10
2023/08/06 15:53:40 [warn] 1#1: the "listen ... http2" directive is deprecated, use the "http2" directive instead in /etc/nginx/conf.d/app.conf:11
2023/08/06 15:53:40 [emerg] 1#1: cannot load certificate "/etc/letsencrypt/live/example.com/fullchain.pem": BIO_new_file() failed (SSL: error:80000002:system library::No such file or directory:calling fopen(/etc/letsencrypt/live/example.com/fullchain.pem, r) error:10000080:BIO routines::no such file)
2023/08/06 15:53:45 [warn] 1#1: the "listen ... http2" directive is deprecated, use the "http2" directive instead in /etc/nginx/conf.d/app.conf:10
2023/08/06 15:53:45 [warn] 1#1: the "listen ... http2" directive is deprecated, use the "http2" directive instead in /etc/nginx/conf.d/app.conf:11
2023/08/06 15:53:45 [emerg] 1#1: cannot load certificate "/etc/letsencrypt/live/example.com/fullchain.pem": BIO_new_file() failed (SSL: error:80000002:system library::No such file or directory:calling fopen(/etc/letsencrypt/live/example.com/fullchain.pem, r) error:10000080:BIO routines::no such file)
2023/08/06 15:53:45 [warn] 1#1: the "listen ... http2" directive is deprecated, use the "http2" directive instead in /etc/nginx/conf.d/app.conf:10
2023/08/06 15:53:45 [warn] 1#1: the "listen ... http2" directive is deprecated, use the "http2" directive instead in /etc/nginx/conf.d/app.conf:11
2023/08/06 15:53:45 [emerg] 1#1: cannot load certificate "/etc/letsencrypt/live/example.com/fullchain.pem": BIO_new_file() failed (SSL: error:80000002:system library::No such file or directory:calling fopen(/etc/letsencrypt/live/example.com/fullchain.pem, r) error:10000080:BIO routines::no such file)
2023/08/06 15:53:46 [warn] 1#1: the "listen ... http2" directive is deprecated, use the "http2" directive instead in /etc/nginx/conf.d/app.conf:10
2023/08/06 15:53:46 [warn] 1#1: the "listen ... http2" directive is deprecated, use the "http2" directive instead in /etc/nginx/conf.d/app.conf:11
2023/08/06 15:53:46 [emerg] 1#1: cannot load certificate "/etc/letsencrypt/live/example.com/fullchain.pem": BIO_new_file() failed (SSL: error:80000002:system library::No such file or directory:calling fopen(/etc/letsencrypt/live/example.com/fullchain.pem, r) error:10000080:BIO routines::no such file)
2023/08/06 15:53:46 [warn] 1#1: the "listen ... http2" directive is deprecated, use the "http2" directive instead in /etc/nginx/conf.d/app.conf:10
2023/08/06 15:53:46 [warn] 1#1: the "listen ... http2" directive is deprecated, use the "http2" directive instead in /etc/nginx/conf.d/app.conf:11
2023/08/06 15:53:46 [emerg] 1#1: cannot load certificate "/etc/letsencrypt/live/example.com/fullchain.pem": BIO_new_file() failed (SSL: error:80000002:system library::No such file or directory:calling fopen(/etc/letsencrypt/live/example.com/fullchain.pem, r) error:10000080:BIO routines::no such file)
2023/08/06 15:53:47 [warn] 1#1: the "listen ... http2" directive is deprecated, use the "http2" directive instead in /etc/nginx/conf.d/app.conf:10
2023/08/06 15:53:47 [warn] 1#1: the "listen ... http2" directive is deprecated, use the "http2" directive instead in /etc/nginx/conf.d/app.conf:11
2023/08/06 15:53:47 [emerg] 1#1: cannot load certificate "/etc/letsencrypt/live/example.com/fullchain.pem": BIO_new_file() failed (SSL: error:80000002:system library::No such file or directory:calling fopen(/etc/letsencrypt/live/example.com/fullchain.pem, r) error:10000080:BIO routines::no such file)
2023/08/06 15:53:49 [warn] 1#1: the "listen ... http2" directive is deprecated, use the "http2" directive instead in /etc/nginx/conf.d/app.conf:10
2023/08/06 15:53:49 [warn] 1#1: the "listen ... http2" directive is deprecated, use the "http2" directive instead in /etc/nginx/conf.d/app.conf:11
2023/08/06 15:53:49 [emerg] 1#1: cannot load certificate "/etc/letsencrypt/live/example.com/fullchain.pem": BIO_new_file() failed (SSL: error:80000002:system library::No such file or directory:calling fopen(/etc/letsencrypt/live/example.com/fullchain.pem, r) error:10000080:BIO routines::no such file)
2023/08/06 15:53:53 [warn] 1#1: the "listen ... http2" directive is deprecated, use the "http2" directive instead in /etc/nginx/conf.d/app.conf:10
2023/08/06 15:53:53 [warn] 1#1: the "listen ... http2" directive is deprecated, use the "http2" directive instead in /etc/nginx/conf.d/app.conf:11
2023/08/06 15:53:53 [emerg] 1#1: cannot load certificate "/etc/letsencrypt/live/example.com/fullchain.pem": BIO_new_file() failed (SSL: error:80000002:system library::No such file or directory:calling fopen(/etc/letsencrypt/live/example.com/fullchain.pem, r) error:10000080:BIO routines::no such file)
2023/08/06 15:54:00 [warn] 1#1: the "listen ... http2" directive is deprecated, use the "http2" directive instead in /etc/nginx/conf.d/app.conf:10
2023/08/06 15:54:00 [warn] 1#1: the "listen ... http2" directive is deprecated, use the "http2" directive instead in /etc/nginx/conf.d/app.conf:11
2023/08/06 15:54:00 [emerg] 1#1: cannot load certificate "/etc/letsencrypt/live/example.com/fullchain.pem": BIO_new_file() failed (SSL: error:80000002:system library::No such file or directory:calling fopen(/etc/letsencrypt/live/example.com/fullchain.pem, r) error:10000080:BIO routines::no such file)
2023/08/06 15:54:13 [warn] 1#1: the "listen ... http2" directive is deprecated, use the "http2" directive instead in /etc/nginx/conf.d/app.conf:10
2023/08/06 15:54:13 [warn] 1#1: the "listen ... http2" directive is deprecated, use the "http2" directive instead in /etc/nginx/conf.d/app.conf:11
2023/08/06 15:54:13 [emerg] 1#1: cannot load certificate "/etc/letsencrypt/live/example.com/fullchain.pem": BIO_new_file() failed (SSL: error:80000002:system library::No such file or directory:calling fopen(/etc/letsencrypt/live/example.com/fullchain.pem, r) error:10000080:BIO routines::no such file)
2023/08/06 15:54:39 [warn] 1#1: the "listen ... http2" directive is deprecated, use the "http2" directive instead in /etc/nginx/conf.d/app.conf:10
2023/08/06 15:54:39 [warn] 1#1: the "listen ... http2" directive is deprecated, use the "http2" directive instead in /etc/nginx/conf.d/app.conf:11
2023/08/06 15:54:39 [emerg] 1#1: cannot load certificate "/etc/letsencrypt/live/example.com/fullchain.pem": BIO_new_file() failed (SSL: error:80000002:system library::No such file or directory:calling fopen(/etc/letsencrypt/live/example.com/fullchain.pem, r) error:10000080:BIO routines::no such file)
2023/08/06 15:55:30 [warn] 1#1: the "listen ... http2" directive is deprecated, use the "http2" directive instead in /etc/nginx/conf.d/app.conf:10
2023/08/06 15:55:30 [warn] 1#1: the "listen ... http2" directive is deprecated, use the "http2" directive instead in /etc/nginx/conf.d/app.conf:11
2023/08/06 15:55:30 [emerg] 1#1: cannot load certificate "/etc/letsencrypt/live/example.com/fullchain.pem": BIO_new_file() failed (SSL: error:80000002:system library::No such file or directory:calling fopen(/etc/letsencrypt/live/example.com/fullchain.pem, r) error:10000080:BIO routines::no such file)
2023/08/06 15:56:31 [warn] 1#1: the "listen ... http2" directive is deprecated, use the "http2" directive instead in /etc/nginx/conf.d/app.conf:10
2023/08/06 15:56:31 [warn] 1#1: the "listen ... http2" directive is deprecated, use the "http2" directive instead in /etc/nginx/conf.d/app.conf:11
2023/08/06 15:56:31 [emerg] 1#1: cannot load certificate "/etc/letsencrypt/live/example.com/fullchain.pem": BIO_new_file() failed (SSL: error:80000002:system library::No such file or directory:calling fopen(/etc/letsencrypt/live/example.com/fullchain.pem, r) error:10000080:BIO routines::no such file)
2023/08/06 15:57:31 [warn] 1#1: the "listen ... http2" directive is deprecated, use the "http2" directive instead in /etc/nginx/conf.d/app.conf:10
2023/08/06 15:57:31 [warn] 1#1: the "listen ... http2" directive is deprecated, use the "http2" directive instead in /etc/nginx/conf.d/app.conf:11
2023/08/06 15:57:31 [emerg] 1#1: cannot load certificate "/etc/letsencrypt/live/example.com/fullchain.pem": BIO_new_file() failed (SSL: error:80000002:system library::No such file or directory:calling fopen(/etc/letsencrypt/live/example.com/fullchain.pem, r) error:10000080:BIO routines::no such file)
2023/08/06 15:58:31 [warn] 1#1: the "listen ... http2" directive is deprecated, use the "http2" directive instead in /etc/nginx/conf.d/app.conf:10
2023/08/06 15:58:31 [warn] 1#1: the "listen ... http2" directive is deprecated, use the "http2" directive instead in /etc/nginx/conf.d/app.conf:11
2023/08/06 15:58:31 [emerg] 1#1: cannot load certificate "/etc/letsencrypt/live/example.com/fullchain.pem": BIO_new_file() failed (SSL: error:80000002:system library::No such file or directory:calling fopen(/etc/letsencrypt/live/example.com/fullchain.pem, r) error:10000080:BIO routines::no such file)
2023/08/06 15:59:32 [warn] 1#1: the "listen ... http2" directive is deprecated, use the "http2" directive instead in /etc/nginx/conf.d/app.conf:10
2023/08/06 15:59:32 [warn] 1#1: the "listen ... http2" directive is deprecated, use the "http2" directive instead in /etc/nginx/conf.d/app.conf:11
2023/08/06 15:59:32 [emerg] 1#1: cannot load certificate "/etc/letsencrypt/live/example.com/fullchain.pem": BIO_new_file() failed (SSL: error:80000002:system library::No such file or directory:calling fopen(/etc/letsencrypt/live/example.com/fullchain.pem, r) error:10000080:BIO routines::no such file)
2023/08/06 16:00:34 [emerg] 1#1: invalid number of arguments in "http2" directive in /etc/nginx/conf.d/app.conf:10
2023/08/06 16:00:34 [emerg] 1#1: invalid number of arguments in "http2" directive in /etc/nginx/conf.d/app.conf:10
2023/08/06 16:00:35 [emerg] 1#1: invalid number of arguments in "http2" directive in /etc/nginx/conf.d/app.conf:10
2023/08/06 16:00:35 [emerg] 1#1: invalid number of arguments in "http2" directive in /etc/nginx/conf.d/app.conf:10
2023/08/06 16:00:37 [emerg] 1#1: invalid number of arguments in "http2" directive in /etc/nginx/conf.d/app.conf:10
2023/08/06 16:00:38 [emerg] 1#1: invalid number of arguments in "http2" directive in /etc/nginx/conf.d/app.conf:10
2023/08/06 16:00:42 [emerg] 1#1: invalid number of arguments in "http2" directive in /etc/nginx/conf.d/app.conf:10
2023/08/06 16:00:49 [emerg] 1#1: invalid number of arguments in "http2" directive in /etc/nginx/conf.d/app.conf:10
2023/08/06 16:01:02 [emerg] 1#1: invalid number of arguments in "http2" directive in /etc/nginx/conf.d/app.conf:10
2023/08/06 16:01:28 [emerg] 1#1: invalid number of arguments in "http2" directive in /etc/nginx/conf.d/app.conf:10
2023/08/06 16:02:12 [warn] 1#1: the "listen ... http2" directive is deprecated, use the "http2" directive instead in /etc/nginx/conf.d/app.conf:10
2023/08/06 16:02:12 [warn] 1#1: the "listen ... http2" directive is deprecated, use the "http2" directive instead in /etc/nginx/conf.d/app.conf:11
2023/08/06 16:02:12 [emerg] 1#1: cannot load certificate "/etc/letsencrypt/live/example.com/fullchain.pem": BIO_new_file() failed (SSL: error:80000002:system library::No such file or directory:calling fopen(/etc/letsencrypt/live/example.com/fullchain.pem, r) error:10000080:BIO routines::no such file)
2023/08/06 16:02:12 [warn] 1#1: the "listen ... http2" directive is deprecated, use the "http2" directive instead in /etc/nginx/conf.d/app.conf:10
2023/08/06 16:02:12 [warn] 1#1: the "listen ... http2" directive is deprecated, use the "http2" directive instead in /etc/nginx/conf.d/app.conf:11
2023/08/06 16:02:12 [emerg] 1#1: cannot load certificate "/etc/letsencrypt/live/example.com/fullchain.pem": BIO_new_file() failed (SSL: error:80000002:system library::No such file or directory:calling fopen(/etc/letsencrypt/live/example.com/fullchain.pem, r) error:10000080:BIO routines::no such file)
2023/08/06 16:02:12 [warn] 1#1: the "listen ... http2" directive is deprecated, use the "http2" directive instead in /etc/nginx/conf.d/app.conf:10
2023/08/06 16:02:12 [warn] 1#1: the "listen ... http2" directive is deprecated, use the "http2" directive instead in /etc/nginx/conf.d/app.conf:11
2023/08/06 16:02:12 [emerg] 1#1: cannot load certificate "/etc/letsencrypt/live/example.com/fullchain.pem": BIO_new_file() failed (SSL: error:80000002:system library::No such file or directory:calling fopen(/etc/letsencrypt/live/example.com/fullchain.pem, r) error:10000080:BIO routines::no such file)
2023/08/06 16:02:13 [warn] 1#1: the "listen ... http2" directive is deprecated, use the "http2" directive instead in /etc/nginx/conf.d/app.conf:10
2023/08/06 16:02:13 [warn] 1#1: the "listen ... http2" directive is deprecated, use the "http2" directive instead in /etc/nginx/conf.d/app.conf:11
2023/08/06 16:02:13 [emerg] 1#1: cannot load certificate "/etc/letsencrypt/live/example.com/fullchain.pem": BIO_new_file() failed (SSL: error:80000002:system library::No such file or directory:calling fopen(/etc/letsencrypt/live/example.com/fullchain.pem, r) error:10000080:BIO routines::no such file)
2023/08/06 16:02:14 [warn] 1#1: the "listen ... http2" directive is deprecated, use the "http2" directive instead in /etc/nginx/conf.d/app.conf:10
2023/08/06 16:02:14 [warn] 1#1: the "listen ... http2" directive is deprecated, use the "http2" directive instead in /etc/nginx/conf.d/app.conf:11
2023/08/06 16:02:14 [emerg] 1#1: cannot load certificate "/etc/letsencrypt/live/example.com/fullchain.pem": BIO_new_file() failed (SSL: error:80000002:system library::No such file or directory:calling fopen(/etc/letsencrypt/live/example.com/fullchain.pem, r) error:10000080:BIO routines::no such file)
2023/08/06 16:02:16 [warn] 1#1: the "listen ... http2" directive is deprecated, use the "http2" directive instead in /etc/nginx/conf.d/app.conf:10
2023/08/06 16:02:16 [warn] 1#1: the "listen ... http2" directive is deprecated, use the "http2" directive instead in /etc/nginx/conf.d/app.conf:11
2023/08/06 16:02:16 [emerg] 1#1: cannot load certificate "/etc/letsencrypt/live/example.com/fullchain.pem": BIO_new_file() failed (SSL: error:80000002:system library::No such file or directory:calling fopen(/etc/letsencrypt/live/example.com/fullchain.pem, r) error:10000080:BIO routines::no such file)
2023/08/06 16:02:19 [warn] 1#1: the "listen ... http2" directive is deprecated, use the "http2" directive instead in /etc/nginx/conf.d/app.conf:10
2023/08/06 16:02:19 [warn] 1#1: the "listen ... http2" directive is deprecated, use the "http2" directive instead in /etc/nginx/conf.d/app.conf:11
2023/08/06 16:02:19 [emerg] 1#1: cannot load certificate "/etc/letsencrypt/live/example.com/fullchain.pem": BIO_new_file() failed (SSL: error:80000002:system library::No such file or directory:calling fopen(/etc/letsencrypt/live/example.com/fullchain.pem, r) error:10000080:BIO routines::no such file)
2023/08/06 16:02:26 [warn] 1#1: the "listen ... http2" directive is deprecated, use the "http2" directive instead in /etc/nginx/conf.d/app.conf:10
2023/08/06 16:02:26 [warn] 1#1: the "listen ... http2" directive is deprecated, use the "http2" directive instead in /etc/nginx/conf.d/app.conf:11
2023/08/06 16:02:26 [emerg] 1#1: cannot load certificate "/etc/letsencrypt/live/example.com/fullchain.pem": BIO_new_file() failed (SSL: error:80000002:system library::No such file or directory:calling fopen(/etc/letsencrypt/live/example.com/fullchain.pem, r) error:10000080:BIO routines::no such file)
2023/08/06 16:02:39 [warn] 1#1: the "listen ... http2" directive is deprecated, use the "http2" directive instead in /etc/nginx/conf.d/app.conf:10
2023/08/06 16:02:39 [warn] 1#1: the "listen ... http2" directive is deprecated, use the "http2" directive instead in /etc/nginx/conf.d/app.conf:11
2023/08/06 16:02:39 [emerg] 1#1: cannot load certificate "/etc/letsencrypt/live/example.com/fullchain.pem": BIO_new_file() failed (SSL: error:80000002:system library::No such file or directory:calling fopen(/etc/letsencrypt/live/example.com/fullchain.pem, r) error:10000080:BIO routines::no such file)
2023/08/06 16:03:05 [warn] 1#1: the "listen ... http2" directive is deprecated, use the "http2" directive instead in /etc/nginx/conf.d/app.conf:10
2023/08/06 16:03:05 [warn] 1#1: the "listen ... http2" directive is deprecated, use the "http2" directive instead in /etc/nginx/conf.d/app.conf:11
2023/08/06 16:03:05 [emerg] 1#1: cannot load certificate "/etc/letsencrypt/live/example.com/fullchain.pem": BIO_new_file() failed (SSL: error:80000002:system library::No such file or directory:calling fopen(/etc/letsencrypt/live/example.com/fullchain.pem, r) error:10000080:BIO routines::no such file)
2023/08/06 16:03:53 [emerg] 1#1: cannot load certificate "/etc/letsencrypt/live/example.com/fullchain.pem": BIO_new_file() failed (SSL: error:80000002:system library::No such file or directory:calling fopen(/etc/letsencrypt/live/example.com/fullchain.pem, r) error:10000080:BIO routines::no such file)
2023/08/06 16:03:53 [emerg] 1#1: cannot load certificate "/etc/letsencrypt/live/example.com/fullchain.pem": BIO_new_file() failed (SSL: error:80000002:system library::No such file or directory:calling fopen(/etc/letsencrypt/live/example.com/fullchain.pem, r) error:10000080:BIO routines::no such file)
2023/08/06 16:03:54 [emerg] 1#1: cannot load certificate "/etc/letsencrypt/live/example.com/fullchain.pem": BIO_new_file() failed (SSL: error:80000002:system library::No such file or directory:calling fopen(/etc/letsencrypt/live/example.com/fullchain.pem, r) error:10000080:BIO routines::no such file)
2023/08/06 16:03:54 [emerg] 1#1: cannot load certificate "/etc/letsencrypt/live/example.com/fullchain.pem": BIO_new_file() failed (SSL: error:80000002:system library::No such file or directory:calling fopen(/etc/letsencrypt/live/example.com/fullchain.pem, r) error:10000080:BIO routines::no such file)
2023/08/06 16:03:55 [emerg] 1#1: cannot load certificate "/etc/letsencrypt/live/example.com/fullchain.pem": BIO_new_file() failed (SSL: error:80000002:system library::No such file or directory:calling fopen(/etc/letsencrypt/live/example.com/fullchain.pem, r) error:10000080:BIO routines::no such file)
2023/08/06 16:03:57 [emerg] 1#1: cannot load certificate "/etc/letsencrypt/live/example.com/fullchain.pem": BIO_new_file() failed (SSL: error:80000002:system library::No such file or directory:calling fopen(/etc/letsencrypt/live/example.com/fullchain.pem, r) error:10000080:BIO routines::no such file)
2023/08/06 16:04:39 [notice] 1#1: using the "epoll" event method
2023/08/06 16:04:39 [notice] 1#1: nginx/1.25.1
2023/08/06 16:04:39 [notice] 1#1: built by gcc 12.2.1 20220924 (Alpine 12.2.1_git20220924-r4) 
2023/08/06 16:04:39 [notice] 1#1: OS: Linux 5.15.49-linuxkit
2023/08/06 16:04:39 [notice] 1#1: getrlimit(RLIMIT_NOFILE): 1048576:1048576
2023/08/06 16:04:39 [notice] 1#1: start worker processes
2023/08/06 16:04:39 [notice] 1#1: start worker process 20
2023/08/06 16:04:39 [notice] 1#1: start worker process 21
2023/08/06 16:04:39 [notice] 1#1: start worker process 22
2023/08/06 16:04:39 [notice] 1#1: start worker process 23
2023/08/06 16:06:24 [notice] 1#1: signal 3 (SIGQUIT) received, shutting down
2023/08/06 16:06:24 [notice] 20#20: gracefully shutting down
2023/08/06 16:06:24 [notice] 22#22: gracefully shutting down
2023/08/06 16:06:24 [notice] 22#22: exiting
2023/08/06 16:06:24 [notice] 23#23: gracefully shutting down
2023/08/06 16:06:24 [notice] 21#21: gracefully shutting down
2023/08/06 16:06:24 [notice] 23#23: exiting
2023/08/06 16:06:24 [notice] 20#20: exiting
2023/08/06 16:06:24 [notice] 22#22: exit
2023/08/06 16:06:24 [notice] 21#21: exiting
2023/08/06 16:06:24 [notice] 21#21: exit
2023/08/06 16:06:24 [notice] 23#23: exit
2023/08/06 16:06:24 [notice] 20#20: exit
2023/08/06 16:06:24 [notice] 1#1: signal 17 (SIGCHLD) received from 21
2023/08/06 16:06:24 [notice] 1#1: worker process 21 exited with code 0
2023/08/06 16:06:24 [notice] 1#1: signal 29 (SIGIO) received
2023/08/06 16:06:24 [notice] 1#1: signal 17 (SIGCHLD) received from 22
2023/08/06 16:06:24 [notice] 1#1: worker process 22 exited with code 0
2023/08/06 16:06:24 [notice] 1#1: signal 29 (SIGIO) received
2023/08/06 16:06:24 [notice] 1#1: signal 17 (SIGCHLD) received from 23
2023/08/06 16:06:24 [notice] 1#1: worker process 23 exited with code 0
2023/08/06 16:06:24 [notice] 1#1: signal 17 (SIGCHLD) received from 20
2023/08/06 16:06:24 [notice] 1#1: worker process 20 exited with code 0
2023/08/06 16:06:24 [notice] 1#1: exit
2023/08/06 16:06:41 [notice] 1#1: using the "epoll" event method
2023/08/06 16:06:41 [notice] 1#1: nginx/1.25.1
2023/08/06 16:06:41 [notice] 1#1: built by gcc 12.2.1 20220924 (Alpine 12.2.1_git20220924-r4) 
2023/08/06 16:06:41 [notice] 1#1: OS: Linux 5.15.49-linuxkit
2023/08/06 16:06:41 [notice] 1#1: getrlimit(RLIMIT_NOFILE): 1048576:1048576
2023/08/06 16:06:41 [notice] 1#1: start worker processes
2023/08/06 16:06:41 [notice] 1#1: start worker process 20
2023/08/06 16:06:41 [notice] 1#1: start worker process 21
2023/08/06 16:06:41 [notice] 1#1: start worker process 22
2023/08/06 16:06:41 [notice] 1#1: start worker process 23
2023/08/06 16:09:54 [notice] 1#1: signal 3 (SIGQUIT) received, shutting down
2023/08/06 16:09:54 [notice] 21#21: gracefully shutting down
2023/08/06 16:09:54 [notice] 23#23: gracefully shutting down
2023/08/06 16:09:54 [notice] 22#22: gracefully shutting down
2023/08/06 16:09:54 [notice] 20#20: gracefully shutting down
2023/08/06 16:09:54 [notice] 21#21: exiting
2023/08/06 16:09:54 [notice] 23#23: exiting
2023/08/06 16:09:54 [notice] 23#23: exit
2023/08/06 16:09:54 [notice] 22#22: exiting
2023/08/06 16:09:54 [notice] 20#20: exiting
2023/08/06 16:09:54 [notice] 20#20: exit
2023/08/06 16:09:54 [notice] 21#21: exit
2023/08/06 16:09:54 [notice] 22#22: exit
2023/08/06 16:09:54 [notice] 1#1: signal 17 (SIGCHLD) received from 23
2023/08/06 16:09:54 [notice] 1#1: worker process 23 exited with code 0
2023/08/06 16:09:54 [notice] 1#1: signal 29 (SIGIO) received
2023/08/06 16:09:54 [notice] 1#1: signal 17 (SIGCHLD) received from 21
2023/08/06 16:09:54 [notice] 1#1: worker process 21 exited with code 0
2023/08/06 16:09:54 [notice] 1#1: signal 29 (SIGIO) received
2023/08/06 16:09:54 [notice] 1#1: signal 17 (SIGCHLD) received from 20
2023/08/06 16:09:54 [notice] 1#1: worker process 20 exited with code 0
2023/08/06 16:09:54 [notice] 1#1: signal 29 (SIGIO) received
2023/08/06 16:09:54 [notice] 1#1: signal 17 (SIGCHLD) received from 22
2023/08/06 16:09:54 [notice] 1#1: worker process 22 exited with code 0
2023/08/06 16:09:54 [notice] 1#1: exit
2023/08/06 16:10:08 [notice] 1#1: using the "epoll" event method
2023/08/06 16:10:08 [notice] 1#1: nginx/1.25.1
2023/08/06 16:10:08 [notice] 1#1: built by gcc 12.2.1 20220924 (Alpine 12.2.1_git20220924-r4) 
2023/08/06 16:10:08 [notice] 1#1: OS: Linux 5.15.49-linuxkit
2023/08/06 16:10:08 [notice] 1#1: getrlimit(RLIMIT_NOFILE): 1048576:1048576
2023/08/06 16:10:08 [notice] 1#1: start worker processes
2023/08/06 16:10:08 [notice] 1#1: start worker process 21
2023/08/06 16:10:08 [notice] 1#1: start worker process 22
2023/08/06 16:10:08 [notice] 1#1: start worker process 23
2023/08/06 16:10:08 [notice] 1#1: start worker process 24
2023/08/06 16:10:53 [notice] 1#1: signal 3 (SIGQUIT) received, shutting down
2023/08/06 16:10:53 [notice] 23#23: gracefully shutting down
2023/08/06 16:10:53 [notice] 23#23: exiting
2023/08/06 16:10:53 [notice] 21#21: gracefully shutting down
2023/08/06 16:10:53 [notice] 21#21: exiting
2023/08/06 16:10:53 [notice] 22#22: gracefully shutting down
2023/08/06 16:10:53 [notice] 22#22: exiting
2023/08/06 16:10:53 [notice] 24#24: gracefully shutting down
2023/08/06 16:10:53 [notice] 23#23: exit
2023/08/06 16:10:53 [notice] 21#21: exit
2023/08/06 16:10:53 [notice] 22#22: exit
2023/08/06 16:10:53 [notice] 24#24: exiting
2023/08/06 16:10:53 [notice] 24#24: exit
2023/08/06 16:10:53 [notice] 1#1: signal 17 (SIGCHLD) received from 22
2023/08/06 16:10:53 [notice] 1#1: worker process 22 exited with code 0
2023/08/06 16:10:53 [notice] 1#1: signal 29 (SIGIO) received
2023/08/06 16:10:53 [notice] 1#1: signal 17 (SIGCHLD) received from 23
2023/08/06 16:10:53 [notice] 1#1: worker process 21 exited with code 0
2023/08/06 16:10:53 [notice] 1#1: worker process 23 exited with code 0
2023/08/06 16:10:53 [notice] 1#1: signal 29 (SIGIO) received
2023/08/06 16:10:53 [notice] 1#1: signal 17 (SIGCHLD) received from 24
2023/08/06 16:10:53 [notice] 1#1: worker process 24 exited with code 0
2023/08/06 16:10:53 [notice] 1#1: exit
2023/08/06 16:11:09 [notice] 1#1: using the "epoll" event method
2023/08/06 16:11:09 [notice] 1#1: nginx/1.25.1
2023/08/06 16:11:09 [notice] 1#1: built by gcc 12.2.1 20220924 (Alpine 12.2.1_git20220924-r4) 
2023/08/06 16:11:09 [notice] 1#1: OS: Linux 5.15.49-linuxkit
2023/08/06 16:11:09 [notice] 1#1: getrlimit(RLIMIT_NOFILE): 1048576:1048576
2023/08/06 16:11:09 [notice] 1#1: start worker processes
2023/08/06 16:11:09 [notice] 1#1: start worker process 21
2023/08/06 16:11:09 [notice] 1#1: start worker process 22
2023/08/06 16:11:09 [notice] 1#1: start worker process 23
2023/08/06 16:11:09 [notice] 1#1: start worker process 24
2023/08/06 16:15:23 [notice] 1#1: signal 3 (SIGQUIT) received, shutting down
2023/08/06 16:15:23 [notice] 22#22: gracefully shutting down
2023/08/06 16:15:23 [notice] 21#21: gracefully shutting down
2023/08/06 16:15:23 [notice] 23#23: gracefully shutting down
2023/08/06 16:15:23 [notice] 24#24: gracefully shutting down
2023/08/06 16:15:23 [notice] 22#22: exiting
2023/08/06 16:15:23 [notice] 21#21: exiting
2023/08/06 16:15:23 [notice] 23#23: exiting
2023/08/06 16:15:23 [notice] 24#24: exiting
2023/08/06 16:15:23 [notice] 24#24: exit
2023/08/06 16:15:23 [notice] 22#22: exit
2023/08/06 16:15:23 [notice] 21#21: exit
2023/08/06 16:15:23 [notice] 23#23: exit
2023/08/06 16:15:23 [notice] 1#1: signal 17 (SIGCHLD) received from 22
2023/08/06 16:15:23 [notice] 1#1: worker process 22 exited with code 0
2023/08/06 16:15:23 [notice] 1#1: signal 29 (SIGIO) received
2023/08/06 16:15:23 [notice] 1#1: signal 17 (SIGCHLD) received from 24
2023/08/06 16:15:23 [notice] 1#1: worker process 24 exited with code 0
2023/08/06 16:15:23 [notice] 1#1: signal 29 (SIGIO) received
2023/08/06 16:15:23 [notice] 1#1: signal 17 (SIGCHLD) received from 21
2023/08/06 16:15:23 [notice] 1#1: worker process 21 exited with code 0
2023/08/06 16:15:23 [notice] 1#1: signal 29 (SIGIO) received
2023/08/06 16:15:23 [notice] 1#1: signal 17 (SIGCHLD) received from 23
2023/08/06 16:15:23 [notice] 1#1: worker process 23 exited with code 0
2023/08/06 16:15:23 [notice] 1#1: exit
2023/08/06 16:16:10 [emerg] 1#1: host not found in upstream "php" in /etc/nginx/conf.d/default.conf:14
2023/08/06 16:16:11 [emerg] 1#1: host not found in upstream "php" in /etc/nginx/conf.d/default.conf:14
2023/08/06 16:16:11 [emerg] 1#1: host not found in upstream "php" in /etc/nginx/conf.d/default.conf:14
2023/08/06 16:16:12 [emerg] 1#1: host not found in upstream "php" in /etc/nginx/conf.d/default.conf:14
2023/08/06 16:16:13 [emerg] 1#1: host not found in upstream "php" in /etc/nginx/conf.d/default.conf:14
2023/08/06 16:16:15 [emerg] 1#1: host not found in upstream "php" in /etc/nginx/conf.d/default.conf:14
2023/08/06 16:16:18 [emerg] 1#1: host not found in upstream "php" in /etc/nginx/conf.d/default.conf:14
2023/08/06 16:16:25 [emerg] 1#1: host not found in upstream "php" in /etc/nginx/conf.d/default.conf:14
2023/08/06 16:17:07 [emerg] 1#1: host not found in upstream "php" in /etc/nginx/conf.d/default.conf:14
2023/08/06 16:17:08 [emerg] 1#1: host not found in upstream "php" in /etc/nginx/conf.d/default.conf:14
2023/08/06 16:17:08 [emerg] 1#1: host not found in upstream "php" in /etc/nginx/conf.d/default.conf:14
2023/08/06 16:17:09 [emerg] 1#1: host not found in upstream "php" in /etc/nginx/conf.d/default.conf:14
2023/08/06 16:17:10 [emerg] 1#1: host not found in upstream "php" in /etc/nginx/conf.d/default.conf:14
2023/08/06 16:17:12 [emerg] 1#1: host not found in upstream "php" in /etc/nginx/conf.d/default.conf:14
2023/08/06 16:20:15 [emerg] 1#1: host not found in upstream "php" in /etc/nginx/conf.d/app.conf:14
2023/08/06 16:20:15 [emerg] 1#1: host not found in upstream "php" in /etc/nginx/conf.d/app.conf:14
2023/08/06 16:20:15 [emerg] 1#1: host not found in upstream "php" in /etc/nginx/conf.d/app.conf:14
2023/08/06 16:20:16 [emerg] 1#1: host not found in upstream "php" in /etc/nginx/conf.d/app.conf:14
2023/08/06 16:20:17 [emerg] 1#1: host not found in upstream "php" in /etc/nginx/conf.d/app.conf:14
2023/08/06 16:20:19 [emerg] 1#1: host not found in upstream "php" in /etc/nginx/conf.d/app.conf:14
2023/08/06 16:20:23 [emerg] 1#1: host not found in upstream "php" in /etc/nginx/conf.d/app.conf:14
2023/08/06 16:22:23 [notice] 1#1: using the "epoll" event method
2023/08/06 16:22:23 [notice] 1#1: nginx/1.25.1
2023/08/06 16:22:23 [notice] 1#1: built by gcc 12.2.1 20220924 (Alpine 12.2.1_git20220924-r4) 
2023/08/06 16:22:23 [notice] 1#1: OS: Linux 5.15.49-linuxkit
2023/08/06 16:22:23 [notice] 1#1: getrlimit(RLIMIT_NOFILE): 1048576:1048576
2023/08/06 16:22:23 [notice] 1#1: start worker processes
2023/08/06 16:22:23 [notice] 1#1: start worker process 20
2023/08/06 16:22:23 [notice] 1#1: start worker process 21
2023/08/06 16:22:23 [notice] 1#1: start worker process 22
2023/08/06 16:22:23 [notice] 1#1: start worker process 23
